<?xml version="1.0" encoding="UTF-8"?>
<!-- Generated by org.testng.reporters.JUnitReportReporter -->
<testsuite skipped="0" hostname="BENBP0016096" name="runners.TestRunner" tests="1" failures="0" timestamp="2022-02-24T15:43:19 CET" time="9.343" errors="0">
  <testcase name="runScenario" time="9.343" classname="runners.TestRunner"/>
  <system-out/>
</testsuite> <!-- runners.TestRunner -->
